<?xml version="1.0" encoding="UTF-8"?>
<!-- Generated by org.testng.reporters.JUnitXMLReporter -->
<testsuite hostname="Samis-MBP.fios-router.home" ignored="0" name="Amazon Search" tests="6" failures="1" timestamp="14 Jul 2017 19:55:10 GMT" time="126.642" errors="0">
  <testcase name="search" time="34.25" classname="SearchItems.SearchItemsByExcel"/>
  <testcase name="searchUsingDB" time="0.003" classname="SearchItems.SearchItemsByDatabase">
    <failure type="java.io.FileNotFoundException" message="src/MySql.properties (No such file or directory)">
      <![CDATA[java.io.FileNotFoundException: src/MySql.properties (No such file or directory)
	at java.io.FileInputStream.open0(Native Method)
	at java.io.FileInputStream.open(FileInputStream.java:195)
	at java.io.FileInputStream.<init>(FileInputStream.java:138)
	at java.io.FileInputStream.<init>(FileInputStream.java:93)
	at utility.ConnectDB.loadProperties(ConnectDB.java:31)
	at utility.ConnectDB.connectToDatabase(ConnectDB.java:39)
	at utility.ConnectDB.readDataBase(ConnectDB.java:85)
	at SearchItems.SearchItemsByDatabase.searchUsingDB(SearchItemsByDatabase.java:22)
	at java.util.concurrent.FutureTask.run(FutureTask.java:266)
	at java.util.concurrent.ThreadPoolExecutor.runWorker(ThreadPoolExecutor.java:1142)
	at java.util.concurrent.ThreadPoolExecutor$Worker.run(ThreadPoolExecutor.java:617)
	at java.lang.Thread.run(Thread.java:748)
... Removed 16 stack frames]]>
    </failure>
  </testcase> <!-- searchUsingDB -->
  <testcase name="searchUsingDataProvider" time="11.569" classname="SearchItems.SearchItemsByDataProvider"/>
  <testcase name="searchUsingDataProvider" time="8.679" classname="SearchItems.SearchItemsByDataProvider"/>
  <testcase name="searchUsingDataProvider" time="14.652" classname="SearchItems.SearchItemsByDataProvider"/>
  <testcase name="dropDownMenu" time="16.379" classname="SearchItems.DropDownMenuSearch"/>
</testsuite> <!-- Amazon Search -->
