<?xml version="1.0" encoding="UTF-8"?>
<testng-results skipped="0" failed="0" ignored="0" total="1" passed="1">
  <reporter-output>
  </reporter-output>
  <suite name="Amazon E-Commerce" duration-ms="20422" started-at="2017-01-08T19:38:09Z" finished-at="2017-01-08T19:38:30Z">
    <groups>
    </groups>
    <test name="Amazon Search" duration-ms="20422" started-at="2017-01-08T19:38:09Z" finished-at="2017-01-08T19:38:30Z">
      <class name="SearchItems.DropDownMenuSearch">
        <test-method status="PASS" signature="setUp(boolean, java.lang.String, java.lang.String, java.lang.String, java.lang.String, java.lang.String, java.lang.String)[pri:0, instance:SearchItems.DropDownMenuSearch@3f2a3a5]" name="setUp" is-config="true" duration-ms="4638" started-at="2017-01-08T14:38:09Z" finished-at="2017-01-08T14:38:14Z">
          <params>
            <param index="0">
              <value>
                <![CDATA[false]]>
              </value>
            </param>
            <param index="1">
              <value>
                <![CDATA[rahmanww]]>
              </value>
            </param>
            <param index="2">
              <value>
                <![CDATA[6f132866-de72-43fd-b49a-e6f81d26bfe3]]>
              </value>
            </param>
            <param index="3">
              <value>
                <![CDATA[Mac]]>
              </value>
            </param>
            <param index="4">
              <value>
                <![CDATA[chrome]]>
              </value>
            </param>
            <param index="5">
              <value>
                <![CDATA[49.0]]>
              </value>
            </param>
            <param index="6">
              <value>
                <![CDATA[http://www.amazon.com]]>
              </value>
            </param>
          </params>
          <reporter-output>
          </reporter-output>
        </test-method> <!-- setUp -->
        <test-method status="PASS" signature="dropDownMenu()[pri:0, instance:SearchItems.DropDownMenuSearch@3f2a3a5]" name="dropDownMenu" duration-ms="15605" started-at="2017-01-08T14:38:14Z" finished-at="2017-01-08T14:38:29Z">
          <reporter-output>
          </reporter-output>
        </test-method> <!-- dropDownMenu -->
        <test-method status="PASS" signature="tearDown()[pri:0, instance:SearchItems.DropDownMenuSearch@3f2a3a5]" name="tearDown" is-config="true" duration-ms="163" started-at="2017-01-08T14:38:29Z" finished-at="2017-01-08T14:38:30Z">
          <reporter-output>
          </reporter-output>
        </test-method> <!-- tearDown -->
      </class> <!-- SearchItems.DropDownMenuSearch -->
    </test> <!-- Amazon Search -->
  </suite> <!-- Amazon E-Commerce -->
</testng-results>
