<?xml version="1.0" encoding="UTF-8"?>
<testng-results skipped="0" failed="0" ignored="0" total="1" passed="1">
  <reporter-output>
  </reporter-output>
  <suite name="Amazon E-Commerce" duration-ms="30852" started-at="2017-01-14T16:26:35Z" finished-at="2017-01-14T16:27:05Z">
    <groups>
    </groups>
    <test name="Amazon Search" duration-ms="30852" started-at="2017-01-14T16:26:35Z" finished-at="2017-01-14T16:27:05Z">
      <class name="SearchItems.SearchItemsByExcel">
        <test-method status="PASS" signature="setUp(boolean, java.lang.String, java.lang.String, java.lang.String, java.lang.String, java.lang.String, java.lang.String)[pri:0, instance:SearchItems.SearchItemsByExcel@1e643faf]" name="setUp" is-config="true" duration-ms="5973" started-at="2017-01-14T11:26:35Z" finished-at="2017-01-14T11:26:41Z">
          <params>
            <param index="0">
              <value>
                <![CDATA[false]]>
              </value>
            </param>
            <param index="1">
              <value>
                <![CDATA[rahmanww]]>
              </value>
            </param>
            <param index="2">
              <value>
                <![CDATA[6f132866-de72-43fd-b49a-e6f81d26bfe3]]>
              </value>
            </param>
            <param index="3">
              <value>
                <![CDATA[Win]]>
              </value>
            </param>
            <param index="4">
              <value>
                <![CDATA[chrome]]>
              </value>
            </param>
            <param index="5">
              <value>
                <![CDATA[49.0]]>
              </value>
            </param>
            <param index="6">
              <value>
                <![CDATA[http://www.amazon.com]]>
              </value>
            </param>
          </params>
          <reporter-output>
          </reporter-output>
        </test-method> <!-- setUp -->
        <test-method status="PASS" signature="serch()[pri:0, instance:SearchItems.SearchItemsByExcel@1e643faf]" name="serch" duration-ms="23947" started-at="2017-01-14T11:26:41Z" finished-at="2017-01-14T11:27:05Z">
          <reporter-output>
          </reporter-output>
        </test-method> <!-- serch -->
        <test-method status="PASS" signature="tearDown()[pri:0, instance:SearchItems.SearchItemsByExcel@1e643faf]" name="tearDown" is-config="true" duration-ms="907" started-at="2017-01-14T11:27:05Z" finished-at="2017-01-14T11:27:05Z">
          <reporter-output>
          </reporter-output>
        </test-method> <!-- tearDown -->
      </class> <!-- SearchItems.SearchItemsByExcel -->
    </test> <!-- Amazon Search -->
  </suite> <!-- Amazon E-Commerce -->
</testng-results>
