<?xml version="1.0" encoding="UTF-8"?>
<testng-results skipped="0" failed="0" ignored="0" total="1" passed="1">
  <reporter-output>
  </reporter-output>
  <suite name="Potbelly Client on Chrome Browser" duration-ms="20815" started-at="2017-01-08T19:38:31Z" finished-at="2017-01-08T19:38:52Z">
    <groups>
    </groups>
    <test name="Cnn Home Page" duration-ms="20815" started-at="2017-01-08T19:38:31Z" finished-at="2017-01-08T19:38:52Z">
      <class name="home.TestCnnHome">
        <test-method status="PASS" signature="setUp(boolean, java.lang.String, java.lang.String, java.lang.String, java.lang.String, java.lang.String, java.lang.String)[pri:0, instance:home.TestCnnHome@1e67b872]" name="setUp" is-config="true" duration-ms="7774" started-at="2017-01-08T14:38:31Z" finished-at="2017-01-08T14:38:38Z">
          <params>
            <param index="0">
              <value>
                <![CDATA[false]]>
              </value>
            </param>
            <param index="1">
              <value>
                <![CDATA[rahmanww]]>
              </value>
            </param>
            <param index="2">
              <value>
                <![CDATA[6f132866-de72-43fd-b49a-e6f81d26bfe3]]>
              </value>
            </param>
            <param index="3">
              <value>
                <![CDATA[Mac]]>
              </value>
            </param>
            <param index="4">
              <value>
                <![CDATA[chrome]]>
              </value>
            </param>
            <param index="5">
              <value>
                <![CDATA[50]]>
              </value>
            </param>
            <param index="6">
              <value>
                <![CDATA[http://www.cnn.com/]]>
              </value>
            </param>
          </params>
          <reporter-output>
          </reporter-output>
        </test-method> <!-- setUp -->
        <test-method status="PASS" signature="testHome()[pri:0, instance:home.TestCnnHome@1e67b872]" name="testHome" duration-ms="12856" started-at="2017-01-08T14:38:38Z" finished-at="2017-01-08T14:38:51Z">
          <reporter-output>
          </reporter-output>
        </test-method> <!-- testHome -->
        <test-method status="PASS" signature="tearDown()[pri:0, instance:home.TestCnnHome@1e67b872]" name="tearDown" is-config="true" duration-ms="159" started-at="2017-01-08T14:38:51Z" finished-at="2017-01-08T14:38:52Z">
          <reporter-output>
          </reporter-output>
        </test-method> <!-- tearDown -->
      </class> <!-- home.TestCnnHome -->
    </test> <!-- Cnn Home Page -->
  </suite> <!-- Potbelly Client on Chrome Browser -->
</testng-results>
